<?xml version="1.0" encoding="UTF-8"?>
<!-- Generated by org.testng.reporters.JUnitReportReporter -->
<testsuite skipped="0" hostname="IL-DOMER-W" name="SanityTests.NopCommerceWeb" tests="7" failures="0" timestamp="07 Feb 2020 11:55:22 GMT" time="38.970" errors="0">
  <testcase name="Test07_compareIcon" time="8.388" classname="SanityTests.NopCommerceWeb"/>
  <testcase name="Test01_login" time="4.521" classname="SanityTests.NopCommerceWeb"/>
  <testcase name="Test02_desktopsHeader" time="2.522" classname="SanityTests.NopCommerceWeb"/>
  <testcase name="Test03_verifyDesktopPrice" time="6.038" classname="SanityTests.NopCommerceWeb"/>
  <testcase name="Test04_verifyPrice_buildPC" time="7.092" classname="SanityTests.NopCommerceWeb"/>
  <testcase name="Test05_verifyDigitalStormPCPrice" time="4.895" classname="SanityTests.NopCommerceWeb"/>
  <testcase name="Test06_verifyAllInOneRating" time="5.514" classname="SanityTests.NopCommerceWeb"/>
</testsuite> <!-- SanityTests.NopCommerceWeb -->
