<?xml version="1.0" encoding="UTF-8"?>
<!-- Generated by org.testng.reporters.JUnitReportReporter -->
<testsuite skipped="0" hostname="IL-DOMER-W" name="SanityTests.GrafanaWebDB" tests="1" failures="0" timestamp="07 Feb 2020 09:44:24 GMT" time="3.719" errors="0">
  <testcase name="Test01_loginWithDBCredentials" time="3.719" classname="SanityTests.GrafanaWebDB"/>
</testsuite> <!-- SanityTests.GrafanaWebDB -->
