<?xml version="1.0" encoding="UTF-8"?>
<!-- Generated by org.testng.reporters.JUnitReportReporter -->
<testsuite skipped="0" hostname="IL-DOMER-W" name="SanityTests.CalculatorDesktop" tests="4" failures="0" timestamp="07 Feb 2020 09:36:19 GMT" time="66.245" errors="0">
  <testcase name="Test01_getAddition" time="16.356" classname="SanityTests.CalculatorDesktop"/>
  <testcase name="Test02_getSubtraction" time="16.907" classname="SanityTests.CalculatorDesktop"/>
  <testcase name="Test03_getMultiplication" time="14.131" classname="SanityTests.CalculatorDesktop"/>
  <testcase name="Test04_getDivision" time="18.851" classname="SanityTests.CalculatorDesktop"/>
</testsuite> <!-- SanityTests.CalculatorDesktop -->
