<?xml version="1.0" encoding="UTF-8"?>
<!-- Generated by org.testng.reporters.JUnitReportReporter -->
<testsuite skipped="0" hostname="IL-DOMER-W" name="SanityTests.grafanaAPI" tests="3" failures="0" timestamp="01 Feb 2020 21:29:23 GMT" time="2.098" errors="0">
  <testcase name="Test02_updateTeam" time="0.142" classname="SanityTests.grafanaAPI"/>
  <testcase name="Test03_deleteTeam" time="0.106" classname="SanityTests.grafanaAPI"/>
  <testcase name="Test01_postTeam" time="1.850" classname="SanityTests.grafanaAPI"/>
</testsuite> <!-- SanityTests.grafanaAPI -->
