<?xml version="1.0" encoding="UTF-8"?>
<!-- Generated by org.testng.reporters.JUnitReportReporter -->
<testsuite skipped="0" hostname="IL-DOMER-W" name="SanityTests.mortgageMobile" tests="2" failures="0" timestamp="06 Feb 2020 20:53:54 GMT" time="9.341" errors="0">
  <testcase name="Test01_verifyRepayment" time="4.795" classname="SanityTests.mortgageMobile"/>
  <testcase name="Test02_verifyInterest" time="4.546" classname="SanityTests.mortgageMobile"/>
</testsuite> <!-- SanityTests.mortgageMobile -->
