<?xml version="1.0" encoding="UTF-8"?>
<!-- Generated by org.testng.reporters.JUnitReportReporter -->
<testsuite skipped="0" hostname="IL-DOMER-W" name="SanityTests.electronDemo" tests="1" failures="0" timestamp="01 Feb 2020 21:30:53 GMT" time="0.521" errors="0">
  <testcase name="Test01_getScreenInfo" time="0.521" classname="SanityTests.electronDemo"/>
</testsuite> <!-- SanityTests.electronDemo -->
